0 info it worked if it ends with ok
1 verbose cli [ '/usr/local/bin/node',
1 verbose cli   '/usr/local/bin/npm',
1 verbose cli   'install',
1 verbose cli   '--save-dev',
1 verbose cli   'grunt-push',
1 verbose cli   'grunt-heroku',
1 verbose cli   'grunt-master',
1 verbose cli   'grunt--f' ]
2 info using npm@4.1.2
3 info using node@v7.7.2
4 silly loadCurrentTree Starting
5 silly install loadCurrentTree
6 silly install readLocalPackageData
7 silly fetchPackageMetaData grunt-push
8 silly fetchPackageMetaData grunt-heroku
9 silly fetchPackageMetaData grunt-master
10 silly fetchPackageMetaData grunt--f
11 silly fetchNamedPackageData grunt-push
12 silly mapToRegistry name grunt-push
13 silly mapToRegistry using default registry
14 silly mapToRegistry registry https://registry.npmjs.org/
15 silly mapToRegistry data Result {
15 silly mapToRegistry   raw: 'grunt-push',
15 silly mapToRegistry   scope: null,
15 silly mapToRegistry   escapedName: 'grunt-push',
15 silly mapToRegistry   name: 'grunt-push',
15 silly mapToRegistry   rawSpec: '',
15 silly mapToRegistry   spec: 'latest',
15 silly mapToRegistry   type: 'tag' }
16 silly mapToRegistry uri https://registry.npmjs.org/grunt-push
17 silly fetchNamedPackageData grunt-heroku
18 silly mapToRegistry name grunt-heroku
19 silly mapToRegistry using default registry
20 silly mapToRegistry registry https://registry.npmjs.org/
21 silly mapToRegistry data Result {
21 silly mapToRegistry   raw: 'grunt-heroku',
21 silly mapToRegistry   scope: null,
21 silly mapToRegistry   escapedName: 'grunt-heroku',
21 silly mapToRegistry   name: 'grunt-heroku',
21 silly mapToRegistry   rawSpec: '',
21 silly mapToRegistry   spec: 'latest',
21 silly mapToRegistry   type: 'tag' }
22 silly mapToRegistry uri https://registry.npmjs.org/grunt-heroku
23 silly fetchNamedPackageData grunt-master
24 silly mapToRegistry name grunt-master
25 silly mapToRegistry using default registry
26 silly mapToRegistry registry https://registry.npmjs.org/
27 silly mapToRegistry data Result {
27 silly mapToRegistry   raw: 'grunt-master',
27 silly mapToRegistry   scope: null,
27 silly mapToRegistry   escapedName: 'grunt-master',
27 silly mapToRegistry   name: 'grunt-master',
27 silly mapToRegistry   rawSpec: '',
27 silly mapToRegistry   spec: 'latest',
27 silly mapToRegistry   type: 'tag' }
28 silly mapToRegistry uri https://registry.npmjs.org/grunt-master
29 silly fetchNamedPackageData grunt--f
30 silly mapToRegistry name grunt--f
31 silly mapToRegistry using default registry
32 silly mapToRegistry registry https://registry.npmjs.org/
33 silly mapToRegistry data Result {
33 silly mapToRegistry   raw: 'grunt--f',
33 silly mapToRegistry   scope: null,
33 silly mapToRegistry   escapedName: 'grunt--f',
33 silly mapToRegistry   name: 'grunt--f',
33 silly mapToRegistry   rawSpec: '',
33 silly mapToRegistry   spec: 'latest',
33 silly mapToRegistry   type: 'tag' }
34 silly mapToRegistry uri https://registry.npmjs.org/grunt--f
35 verbose request uri https://registry.npmjs.org/grunt-push
36 verbose request no auth needed
37 info attempt registry request try #1 at 4:14:06 PM
38 verbose request id 33bbe5ae83b592da
39 http request GET https://registry.npmjs.org/grunt-push
40 verbose request uri https://registry.npmjs.org/grunt-heroku
41 verbose request no auth needed
42 info attempt registry request try #1 at 4:14:06 PM
43 http request GET https://registry.npmjs.org/grunt-heroku
44 verbose request uri https://registry.npmjs.org/grunt-master
45 verbose request no auth needed
46 info attempt registry request try #1 at 4:14:06 PM
47 http request GET https://registry.npmjs.org/grunt-master
48 verbose request uri https://registry.npmjs.org/grunt--f
49 verbose request no auth needed
50 info attempt registry request try #1 at 4:14:06 PM
51 http request GET https://registry.npmjs.org/grunt--f
52 http 200 https://registry.npmjs.org/grunt-push
53 verbose headers { server: 'nginx/1.10.1',
53 verbose headers   'content-type': 'application/json',
53 verbose headers   'last-modified': 'Wed, 22 Jan 2014 15:26:04 GMT',
53 verbose headers   etag: 'W/"52dfe30c-edd"',
53 verbose headers   'content-encoding': 'gzip',
53 verbose headers   'cache-control': 'max-age=300',
53 verbose headers   'content-length': '1287',
53 verbose headers   'accept-ranges': 'bytes',
53 verbose headers   date: 'Thu, 27 Apr 2017 08:14:08 GMT',
53 verbose headers   via: '1.1 varnish',
53 verbose headers   age: '0',
53 verbose headers   connection: 'keep-alive',
53 verbose headers   'x-served-by': 'cache-lax8642-LAX',
53 verbose headers   'x-cache': 'MISS',
53 verbose headers   'x-cache-hits': '0',
53 verbose headers   'x-timer': 'S1493280848.154262,VS0,VE57',
53 verbose headers   vary: 'Accept-Encoding' }
54 silly get cb [ 200,
54 silly get   { server: 'nginx/1.10.1',
54 silly get     'content-type': 'application/json',
54 silly get     'last-modified': 'Wed, 22 Jan 2014 15:26:04 GMT',
54 silly get     etag: 'W/"52dfe30c-edd"',
54 silly get     'content-encoding': 'gzip',
54 silly get     'cache-control': 'max-age=300',
54 silly get     'content-length': '1287',
54 silly get     'accept-ranges': 'bytes',
54 silly get     date: 'Thu, 27 Apr 2017 08:14:08 GMT',
54 silly get     via: '1.1 varnish',
54 silly get     age: '0',
54 silly get     connection: 'keep-alive',
54 silly get     'x-served-by': 'cache-lax8642-LAX',
54 silly get     'x-cache': 'MISS',
54 silly get     'x-cache-hits': '0',
54 silly get     'x-timer': 'S1493280848.154262,VS0,VE57',
54 silly get     vary: 'Accept-Encoding' } ]
55 verbose get saving grunt-push to /home/rpregis/.npm/registry.npmjs.org/grunt-push/.cache.json
56 verbose correctMkdir /home/rpregis/.npm correctMkdir not in flight; initializing
57 http 200 https://registry.npmjs.org/grunt-heroku
58 verbose headers { server: 'nginx/1.10.1',
58 verbose headers   'content-type': 'application/json',
58 verbose headers   'last-modified': 'Fri, 12 Sep 2014 18:47:31 GMT',
58 verbose headers   etag: 'W/"54133fc3-23b8"',
58 verbose headers   'content-encoding': 'gzip',
58 verbose headers   'cache-control': 'max-age=300',
58 verbose headers   'content-length': '1638',
58 verbose headers   'accept-ranges': 'bytes',
58 verbose headers   date: 'Thu, 27 Apr 2017 08:14:08 GMT',
58 verbose headers   via: '1.1 varnish',
58 verbose headers   age: '0',
58 verbose headers   connection: 'keep-alive',
58 verbose headers   'x-served-by': 'cache-lax8639-LAX',
58 verbose headers   'x-cache': 'MISS',
58 verbose headers   'x-cache-hits': '0',
58 verbose headers   'x-timer': 'S1493280848.160165,VS0,VE180',
58 verbose headers   vary: 'Accept-Encoding' }
59 silly get cb [ 200,
59 silly get   { server: 'nginx/1.10.1',
59 silly get     'content-type': 'application/json',
59 silly get     'last-modified': 'Fri, 12 Sep 2014 18:47:31 GMT',
59 silly get     etag: 'W/"54133fc3-23b8"',
59 silly get     'content-encoding': 'gzip',
59 silly get     'cache-control': 'max-age=300',
59 silly get     'content-length': '1638',
59 silly get     'accept-ranges': 'bytes',
59 silly get     date: 'Thu, 27 Apr 2017 08:14:08 GMT',
59 silly get     via: '1.1 varnish',
59 silly get     age: '0',
59 silly get     connection: 'keep-alive',
59 silly get     'x-served-by': 'cache-lax8639-LAX',
59 silly get     'x-cache': 'MISS',
59 silly get     'x-cache-hits': '0',
59 silly get     'x-timer': 'S1493280848.160165,VS0,VE180',
59 silly get     vary: 'Accept-Encoding' } ]
60 verbose get saving grunt-heroku to /home/rpregis/.npm/registry.npmjs.org/grunt-heroku/.cache.json
61 verbose correctMkdir /home/rpregis/.npm correctMkdir not in flight; initializing
62 http 404 https://registry.npmjs.org/grunt--f
63 verbose headers { 'content-type': 'application/json',
63 verbose headers   'cache-control': 'max-age=0',
63 verbose headers   'content-length': '2',
63 verbose headers   'accept-ranges': 'bytes',
63 verbose headers   date: 'Thu, 27 Apr 2017 08:14:08 GMT',
63 verbose headers   via: '1.1 varnish',
63 verbose headers   age: '0',
63 verbose headers   connection: 'keep-alive',
63 verbose headers   'x-served-by': 'cache-lax8626-LAX',
63 verbose headers   'x-cache': 'MISS',
63 verbose headers   'x-cache-hits': '0',
63 verbose headers   'x-timer': 'S1493280848.156559,VS0,VE222',
63 verbose headers   vary: 'Accept-Encoding' }
64 silly get cb [ 404,
64 silly get   { 'content-type': 'application/json',
64 silly get     'cache-control': 'max-age=0',
64 silly get     'content-length': '2',
64 silly get     'accept-ranges': 'bytes',
64 silly get     date: 'Thu, 27 Apr 2017 08:14:08 GMT',
64 silly get     via: '1.1 varnish',
64 silly get     age: '0',
64 silly get     connection: 'keep-alive',
64 silly get     'x-served-by': 'cache-lax8626-LAX',
64 silly get     'x-cache': 'MISS',
64 silly get     'x-cache-hits': '0',
64 silly get     'x-timer': 'S1493280848.156559,VS0,VE222',
64 silly get     vary: 'Accept-Encoding' } ]
65 silly fetchPackageMetaData Error: Registry returned 404 for GET on https://registry.npmjs.org/grunt--f
65 silly fetchPackageMetaData     at makeError (/usr/local/lib/node_modules/npm/node_modules/npm-registry-client/lib/request.js:304:12)
65 silly fetchPackageMetaData     at CachingRegistryClient.<anonymous> (/usr/local/lib/node_modules/npm/node_modules/npm-registry-client/lib/request.js:282:14)
65 silly fetchPackageMetaData     at Request._callback (/usr/local/lib/node_modules/npm/node_modules/npm-registry-client/lib/request.js:212:14)
65 silly fetchPackageMetaData     at Request.self.callback (/usr/local/lib/node_modules/npm/node_modules/request/request.js:186:22)
65 silly fetchPackageMetaData     at emitTwo (events.js:106:13)
65 silly fetchPackageMetaData     at Request.emit (events.js:194:7)
65 silly fetchPackageMetaData     at Request.<anonymous> (/usr/local/lib/node_modules/npm/node_modules/request/request.js:1081:10)
65 silly fetchPackageMetaData     at emitOne (events.js:96:13)
65 silly fetchPackageMetaData     at Request.emit (events.js:191:7)
65 silly fetchPackageMetaData     at IncomingMessage.<anonymous> (/usr/local/lib/node_modules/npm/node_modules/request/request.js:1001:12)
65 silly fetchPackageMetaData  error for grunt--f { Error: Registry returned 404 for GET on https://registry.npmjs.org/grunt--f
65 silly fetchPackageMetaData     at makeError (/usr/local/lib/node_modules/npm/node_modules/npm-registry-client/lib/request.js:304:12)
65 silly fetchPackageMetaData     at CachingRegistryClient.<anonymous> (/usr/local/lib/node_modules/npm/node_modules/npm-registry-client/lib/request.js:282:14)
65 silly fetchPackageMetaData     at Request._callback (/usr/local/lib/node_modules/npm/node_modules/npm-registry-client/lib/request.js:212:14)
65 silly fetchPackageMetaData     at Request.self.callback (/usr/local/lib/node_modules/npm/node_modules/request/request.js:186:22)
65 silly fetchPackageMetaData     at emitTwo (events.js:106:13)
65 silly fetchPackageMetaData     at Request.emit (events.js:194:7)
65 silly fetchPackageMetaData     at Request.<anonymous> (/usr/local/lib/node_modules/npm/node_modules/request/request.js:1081:10)
65 silly fetchPackageMetaData     at emitOne (events.js:96:13)
65 silly fetchPackageMetaData     at Request.emit (events.js:191:7)
65 silly fetchPackageMetaData     at IncomingMessage.<anonymous> (/usr/local/lib/node_modules/npm/node_modules/request/request.js:1001:12) pkgid: 'grunt--f', statusCode: 404, code: 'E404' }
66 http 404 https://registry.npmjs.org/grunt-master
67 verbose headers { 'content-type': 'application/json',
67 verbose headers   'cache-control': 'max-age=0',
67 verbose headers   'content-length': '2',
67 verbose headers   'accept-ranges': 'bytes',
67 verbose headers   date: 'Thu, 27 Apr 2017 08:14:08 GMT',
67 verbose headers   via: '1.1 varnish',
67 verbose headers   age: '0',
67 verbose headers   connection: 'keep-alive',
67 verbose headers   'x-served-by': 'cache-lax8624-LAX',
67 verbose headers   'x-cache': 'MISS',
67 verbose headers   'x-cache-hits': '0',
67 verbose headers   'x-timer': 'S1493280848.162844,VS0,VE348',
67 verbose headers   vary: 'Accept-Encoding' }
68 silly get cb [ 404,
68 silly get   { 'content-type': 'application/json',
68 silly get     'cache-control': 'max-age=0',
68 silly get     'content-length': '2',
68 silly get     'accept-ranges': 'bytes',
68 silly get     date: 'Thu, 27 Apr 2017 08:14:08 GMT',
68 silly get     via: '1.1 varnish',
68 silly get     age: '0',
68 silly get     connection: 'keep-alive',
68 silly get     'x-served-by': 'cache-lax8624-LAX',
68 silly get     'x-cache': 'MISS',
68 silly get     'x-cache-hits': '0',
68 silly get     'x-timer': 'S1493280848.162844,VS0,VE348',
68 silly get     vary: 'Accept-Encoding' } ]
69 silly fetchPackageMetaData Error: Registry returned 404 for GET on https://registry.npmjs.org/grunt-master
69 silly fetchPackageMetaData     at makeError (/usr/local/lib/node_modules/npm/node_modules/npm-registry-client/lib/request.js:304:12)
69 silly fetchPackageMetaData     at CachingRegistryClient.<anonymous> (/usr/local/lib/node_modules/npm/node_modules/npm-registry-client/lib/request.js:282:14)
69 silly fetchPackageMetaData     at Request._callback (/usr/local/lib/node_modules/npm/node_modules/npm-registry-client/lib/request.js:212:14)
69 silly fetchPackageMetaData     at Request.self.callback (/usr/local/lib/node_modules/npm/node_modules/request/request.js:186:22)
69 silly fetchPackageMetaData     at emitTwo (events.js:106:13)
69 silly fetchPackageMetaData     at Request.emit (events.js:194:7)
69 silly fetchPackageMetaData     at Request.<anonymous> (/usr/local/lib/node_modules/npm/node_modules/request/request.js:1081:10)
69 silly fetchPackageMetaData     at emitOne (events.js:96:13)
69 silly fetchPackageMetaData     at Request.emit (events.js:191:7)
69 silly fetchPackageMetaData     at IncomingMessage.<anonymous> (/usr/local/lib/node_modules/npm/node_modules/request/request.js:1001:12)
69 silly fetchPackageMetaData  error for grunt-master { Error: Registry returned 404 for GET on https://registry.npmjs.org/grunt-master
69 silly fetchPackageMetaData     at makeError (/usr/local/lib/node_modules/npm/node_modules/npm-registry-client/lib/request.js:304:12)
69 silly fetchPackageMetaData     at CachingRegistryClient.<anonymous> (/usr/local/lib/node_modules/npm/node_modules/npm-registry-client/lib/request.js:282:14)
69 silly fetchPackageMetaData     at Request._callback (/usr/local/lib/node_modules/npm/node_modules/npm-registry-client/lib/request.js:212:14)
69 silly fetchPackageMetaData     at Request.self.callback (/usr/local/lib/node_modules/npm/node_modules/request/request.js:186:22)
69 silly fetchPackageMetaData     at emitTwo (events.js:106:13)
69 silly fetchPackageMetaData     at Request.emit (events.js:194:7)
69 silly fetchPackageMetaData     at Request.<anonymous> (/usr/local/lib/node_modules/npm/node_modules/request/request.js:1081:10)
69 silly fetchPackageMetaData     at emitOne (events.js:96:13)
69 silly fetchPackageMetaData     at Request.emit (events.js:191:7)
69 silly fetchPackageMetaData     at IncomingMessage.<anonymous> (/usr/local/lib/node_modules/npm/node_modules/request/request.js:1001:12) pkgid: 'grunt-master', statusCode: 404, code: 'E404' }
70 silly rollbackFailedOptional Starting
71 silly rollbackFailedOptional Finishing
72 silly runTopLevelLifecycles Finishing
73 silly install printInstalled
74 verbose stack Error: Registry returned 404 for GET on https://registry.npmjs.org/grunt--f
74 verbose stack     at makeError (/usr/local/lib/node_modules/npm/node_modules/npm-registry-client/lib/request.js:304:12)
74 verbose stack     at CachingRegistryClient.<anonymous> (/usr/local/lib/node_modules/npm/node_modules/npm-registry-client/lib/request.js:282:14)
74 verbose stack     at Request._callback (/usr/local/lib/node_modules/npm/node_modules/npm-registry-client/lib/request.js:212:14)
74 verbose stack     at Request.self.callback (/usr/local/lib/node_modules/npm/node_modules/request/request.js:186:22)
74 verbose stack     at emitTwo (events.js:106:13)
74 verbose stack     at Request.emit (events.js:194:7)
74 verbose stack     at Request.<anonymous> (/usr/local/lib/node_modules/npm/node_modules/request/request.js:1081:10)
74 verbose stack     at emitOne (events.js:96:13)
74 verbose stack     at Request.emit (events.js:191:7)
74 verbose stack     at IncomingMessage.<anonymous> (/usr/local/lib/node_modules/npm/node_modules/request/request.js:1001:12)
75 verbose statusCode 404
76 verbose pkgid grunt--f
77 verbose cwd /home/rpregis/Documents/jericfrank/apps/rental_billing_be
78 error Linux 3.16.0-64-generic
79 error argv "/usr/local/bin/node" "/usr/local/bin/npm" "install" "--save-dev" "grunt-push" "grunt-heroku" "grunt-master" "grunt--f"
80 error node v7.7.2
81 error npm  v4.1.2
82 error code E404
83 error 404 Registry returned 404 for GET on https://registry.npmjs.org/grunt--f
84 error 404
85 error 404 'grunt--f' is not in the npm registry.
86 error 404 You should bug the author to publish it (or use the name yourself!)
87 error 404 Note that you can also install from a
88 error 404 tarball, folder, http url, or git url.
89 verbose exit [ 1, true ]
